{"level":"info","message":"GET /login - Rendered login page","timestamp":"2024-01-15 19:52:33"}
{"level":"info","message":"POST /login - Successful","timestamp":"2024-01-15 21:08:43"}
{"level":"info","message":"GET /products - Successful","timestamp":"2024-01-15 21:08:44"}
{"level":"debug","message":"Esto es un mensaje de debug","timestamp":"2024-01-15 22:16:08"}
{"level":"http","message":"Esto es un mensaje de http","timestamp":"2024-01-15 22:16:08"}
{"level":"info","message":"Esto es un mensaje de info","timestamp":"2024-01-15 22:16:08"}
{"level":"warning","message":"Esto es un mensaje de warning","timestamp":"2024-01-15 22:16:08"}
{"level":"error","message":"Esto es un mensaje de error","timestamp":"2024-01-15 22:16:08"}
{"level":"debug","message":"Esto es un mensaje de debug","timestamp":"2024-01-15 22:17:07"}
{"level":"http","message":"Esto es un mensaje de http","timestamp":"2024-01-15 22:17:07"}
{"level":"info","message":"Esto es un mensaje de info","timestamp":"2024-01-15 22:17:07"}
{"level":"warning","message":"Esto es un mensaje de warning","timestamp":"2024-01-15 22:17:07"}
{"level":"error","message":"Esto es un mensaje de error","timestamp":"2024-01-15 22:17:07"}
{"level":"debug","message":"Esto es un mensaje de debug","timestamp":"2024-01-15 22:17:49"}
{"level":"http","message":"Esto es un mensaje de http","timestamp":"2024-01-15 22:17:49"}
{"level":"info","message":"Esto es un mensaje de info","timestamp":"2024-01-15 22:17:49"}
{"level":"warning","message":"Esto es un mensaje de warning","timestamp":"2024-01-15 22:17:49"}
{"level":"error","message":"Esto es un mensaje de error","timestamp":"2024-01-15 22:17:49"}
{"level":"debug","message":"Esto es un mensaje de debug","timestamp":"2024-01-15 22:17:53"}
{"level":"http","message":"Esto es un mensaje de http","timestamp":"2024-01-15 22:17:53"}
{"level":"info","message":"Esto es un mensaje de info","timestamp":"2024-01-15 22:17:53"}
{"level":"warning","message":"Esto es un mensaje de warning","timestamp":"2024-01-15 22:17:53"}
{"level":"error","message":"Esto es un mensaje de error","timestamp":"2024-01-15 22:17:53"}
{"level":"debug","message":"Esto es un mensaje de debug","timestamp":"2024-01-15 22:19:49"}
{"level":"http","message":"Esto es un mensaje de http","timestamp":"2024-01-15 22:19:49"}
{"level":"info","message":"Esto es un mensaje de info","timestamp":"2024-01-15 22:19:49"}
{"level":"warning","message":"Esto es un mensaje de warning","timestamp":"2024-01-15 22:19:49"}
{"level":"error","message":"Esto es un mensaje de error","timestamp":"2024-01-15 22:19:49"}
{"level":"debug","message":"Esto es un mensaje de debug","timestamp":"2024-01-15 22:20:15"}
{"level":"http","message":"Esto es un mensaje de http","timestamp":"2024-01-15 22:20:15"}
{"level":"info","message":"Esto es un mensaje de info","timestamp":"2024-01-15 22:20:15"}
{"level":"warning","message":"Esto es un mensaje de warning","timestamp":"2024-01-15 22:20:15"}
{"level":"error","message":"Esto es un mensaje de error","timestamp":"2024-01-15 22:20:15"}
{"level":"debug","message":"Esto es un mensaje de debug","timestamp":"2024-01-15 22:43:27"}
{"level":"http","message":"Esto es un mensaje de http","timestamp":"2024-01-15 22:43:27"}
{"level":"info","message":"Esto es un mensaje de info","timestamp":"2024-01-15 22:43:27"}
{"level":"warning","message":"Esto es un mensaje de warning","timestamp":"2024-01-15 22:43:27"}
{"level":"error","message":"Esto es un mensaje de error","timestamp":"2024-01-15 22:43:27"}
