{"level":"info","message":"GET /login - Rendered login page","timestamp":"2024-01-28 11:41:06"}
{"level":"info","message":"POST /login - Successful","timestamp":"2024-01-28 11:41:14"}
{"level":"info","message":"GET /products - Successful","timestamp":"2024-01-28 11:41:14"}
{"level":"info","message":"GET /logout - Logout successful","timestamp":"2024-01-28 11:41:23"}
{"level":"info","message":"GET /login - Rendered login page","timestamp":"2024-01-28 11:41:24"}
{"level":"info","message":"GET /login - Rendered login page","timestamp":"2024-01-28 12:05:19"}
{"level":"info","message":"POST /login - Successful","timestamp":"2024-01-28 12:05:25"}
{"level":"info","message":"GET /products - Successful","timestamp":"2024-01-28 12:05:27"}
{"level":"info","message":"GET /logout - Logout successful","timestamp":"2024-01-28 12:05:33"}
{"level":"info","message":"GET /login - Rendered login page","timestamp":"2024-01-28 12:05:33"}
{"level":"info","message":"GET /logout - Logout successful","timestamp":"2024-01-28 12:43:36"}
{"level":"info","message":"GET /login - Rendered login page","timestamp":"2024-01-28 12:43:37"}
{"level":"info","message":"GET /logout - Logout successful","timestamp":"2024-01-28 12:43:41"}
{"level":"info","message":"GET /login - Rendered login page","timestamp":"2024-01-28 12:43:42"}
{"level":"info","message":"POST /login - Successful","timestamp":"2024-01-28 12:43:56"}
{"level":"info","message":"GET /products - Successful","timestamp":"2024-01-28 12:43:57"}
{"level":"info","message":"GET /products - Successful","timestamp":"2024-01-28 12:44:04"}
{"level":"info","message":"GET /products - Successful","timestamp":"2024-01-28 12:44:08"}
{"level":"info","message":"GET /products - Successful","timestamp":"2024-01-28 12:51:57"}
{"level":"info","message":"GET /products - Successful","timestamp":"2024-01-28 12:52:01"}
{"level":"info","message":"GET /products - Successful","timestamp":"2024-01-28 12:52:06"}
{"level":"info","message":"GET /logout - Logout successful","timestamp":"2024-01-28 12:52:09"}
{"level":"info","message":"GET /login - Rendered login page","timestamp":"2024-01-28 12:52:11"}
{"level":"info","message":"GET /login - Rendered login page","timestamp":"2024-01-28 13:00:36"}
{"level":"info","message":"POST /login - Successful","timestamp":"2024-01-28 16:09:38"}
{"level":"info","message":"GET /products - Successful","timestamp":"2024-01-28 16:09:39"}
{"level":"info","message":"GET /products - Successful","timestamp":"2024-01-28 16:10:59"}
{"level":"info","message":"GET /products - Successful","timestamp":"2024-01-28 16:11:04"}
{"level":"info","message":"GET /logout - Logout successful","timestamp":"2024-01-28 16:23:23"}
{"level":"info","message":"GET /login - Rendered login page","timestamp":"2024-01-28 16:23:23"}
{"level":"info","message":"POST /login - Successful","timestamp":"2024-01-28 16:32:26"}
{"level":"error","message":"SyntaxError - Unexpected token } in JSON at position 136","timestamp":"2024-01-28 16:49:04"}
{"level":"info","message":"POST /login - Successful","timestamp":"2024-01-28 16:53:33"}
{"level":"info","message":"GET /products - Successful","timestamp":"2024-01-28 16:53:34"}
{"level":"info","message":"GET / - Rendered profile page","timestamp":"2024-01-28 16:54:46"}
{"level":"info","message":"GET /realtimeproducts - Successful","timestamp":"2024-01-28 17:01:42"}
{"level":"info","message":"GET /products - Successful","timestamp":"2024-01-28 17:02:20"}
{"level":"info","message":"GET /products - Successful","timestamp":"2024-01-28 17:02:20"}
{"level":"info","message":"GET / - Rendered profile page","timestamp":"2024-01-28 17:03:36"}
{"level":"info","message":"GET /logout - Logout successful","timestamp":"2024-01-28 17:03:40"}
{"level":"info","message":"GET /login - Rendered login page","timestamp":"2024-01-28 17:03:41"}
{"level":"info","message":"POST /login - Successful","timestamp":"2024-01-28 17:03:47"}
{"level":"info","message":"GET /products - Successful","timestamp":"2024-01-28 17:03:48"}
{"level":"info","message":"GET /products - Successful","timestamp":"2024-01-28 17:03:54"}
{"level":"info","message":"GET /products - Successful","timestamp":"2024-01-28 17:04:02"}
{"level":"info","message":"GET /logout - Logout successful","timestamp":"2024-01-28 17:33:01"}
{"level":"info","message":"GET /logout - Logout successful","timestamp":"2024-01-28 17:33:03"}
{"level":"info","message":"GET /login - Rendered login page","timestamp":"2024-01-28 17:33:03"}
{"level":"info","message":"GET /login - Rendered login page","timestamp":"2024-01-28 17:33:04"}
{"level":"info","message":"POST /login - Successful","timestamp":"2024-01-28 17:33:09"}
{"level":"info","message":"GET /products - Successful","timestamp":"2024-01-28 17:33:10"}
{"level":"info","message":"GET /products - Successful","timestamp":"2024-01-28 18:26:15"}
{"level":"info","message":"GET /products - Successful","timestamp":"2024-01-28 18:26:21"}
{"level":"info","message":"GET / - Rendered profile page","timestamp":"2024-01-28 18:26:33"}
{"level":"info","message":"GET /logout - Logout successful","timestamp":"2024-01-28 18:26:43"}
{"level":"info","message":"GET /login - Rendered login page","timestamp":"2024-01-28 18:26:44"}
{"level":"info","message":"POST /login - Successful","timestamp":"2024-01-28 18:26:52"}
{"level":"info","message":"GET /products - Successful","timestamp":"2024-01-28 18:26:53"}
{"level":"info","message":"GET /products - Successful","timestamp":"2024-01-28 18:26:59"}
{"level":"info","message":"GET /products - Successful","timestamp":"2024-01-28 18:28:46"}
{"level":"info","message":"GET /products - Successful","timestamp":"2024-01-28 18:28:51"}
{"level":"info","message":"GET /products - Successful","timestamp":"2024-01-28 18:28:56"}
{"level":"info","message":"GET /logout - Logout successful","timestamp":"2024-01-28 18:29:46"}
{"level":"info","message":"GET /login - Rendered login page","timestamp":"2024-01-28 18:29:49"}
{"level":"info","message":"POST /login - Successful","timestamp":"2024-01-28 18:29:56"}
{"level":"info","message":"GET /products - Successful","timestamp":"2024-01-28 18:29:57"}
{"level":"info","message":"GET / - Rendered profile page","timestamp":"2024-01-28 18:31:16"}
{"level":"info","message":"GET / - Rendered profile page","timestamp":"2024-01-28 18:31:17"}
{"level":"info","message":"GET /logout - Logout successful","timestamp":"2024-01-28 18:31:20"}
{"level":"info","message":"GET /login - Rendered login page","timestamp":"2024-01-28 18:31:21"}
{"level":"info","message":"POST /login - Successful","timestamp":"2024-01-28 18:31:27"}
{"level":"info","message":"GET /products - Successful","timestamp":"2024-01-28 18:31:29"}
{"level":"info","message":"GET /products - Successful","timestamp":"2024-01-28 18:31:33"}
{"level":"info","message":"GET / - Rendered profile page","timestamp":"2024-01-28 18:34:53"}
{"level":"info","message":"GET / - Rendered profile page","timestamp":"2024-01-28 18:35:12"}
{"level":"error","message":"GET /carts/:cid - Error: Cast to ObjectId failed for value \":cartId\" (type string) at path \"_id\" for model \"carts\"","timestamp":"2024-01-28 18:38:36"}
{"level":"info","message":"GET / - Rendered profile page","timestamp":"2024-01-28 18:40:18"}
{"level":"info","message":"GET /logout - Logout successful","timestamp":"2024-01-28 18:40:22"}
{"level":"info","message":"GET /login - Rendered login page","timestamp":"2024-01-28 18:40:23"}
{"level":"info","message":"POST /login - Successful","timestamp":"2024-01-28 18:40:30"}
{"level":"info","message":"GET /products - Successful","timestamp":"2024-01-28 18:40:30"}
{"level":"info","message":"GET / - Rendered profile page","timestamp":"2024-01-28 18:45:09"}
{"level":"info","message":"GET /logout - Logout successful","timestamp":"2024-01-28 18:45:13"}
{"level":"info","message":"GET /login - Rendered login page","timestamp":"2024-01-28 18:45:14"}
{"level":"info","message":"POST /login - Successful","timestamp":"2024-01-28 18:45:32"}
{"level":"info","message":"GET /products - Successful","timestamp":"2024-01-28 18:45:33"}
{"level":"info","message":"GET / - Rendered profile page","timestamp":"2024-01-28 18:46:11"}
{"level":"info","message":"GET /logout - Logout successful","timestamp":"2024-01-28 18:48:27"}
{"level":"info","message":"GET /login - Rendered login page","timestamp":"2024-01-28 18:48:28"}
{"level":"info","message":"POST /login - Successful","timestamp":"2024-01-28 18:48:34"}
{"level":"info","message":"GET /products - Successful","timestamp":"2024-01-28 18:48:34"}
{"level":"error","message":"GET /home - Error: Invalid status code: /home","timestamp":"2024-01-28 18:52:47"}
{"level":"error","message":"GET /home - Error: Invalid status code: /home","timestamp":"2024-01-28 18:53:48"}
{"level":"error","message":"GET /home - Error: Invalid status code: /home","timestamp":"2024-01-28 18:54:28"}
{"level":"info","message":"GET / - Rendered profile page","timestamp":"2024-01-28 18:54:55"}
{"level":"info","message":"GET /logout - Logout successful","timestamp":"2024-01-28 18:54:58"}
{"level":"info","message":"GET /login - Rendered login page","timestamp":"2024-01-28 18:54:59"}
{"level":"info","message":"POST /login - Successful","timestamp":"2024-01-28 18:55:05"}
{"level":"info","message":"GET /products - Successful","timestamp":"2024-01-28 18:55:06"}
{"level":"info","message":"GET /products - Successful","timestamp":"2024-01-28 18:55:19"}
{"level":"info","message":"GET /products - Successful","timestamp":"2024-01-28 18:55:34"}
{"level":"info","message":"GET /products - Successful","timestamp":"2024-01-28 18:57:25"}
{"level":"info","message":"GET /products - Successful","timestamp":"2024-01-28 18:57:30"}
{"level":"info","message":"GET /products - Successful","timestamp":"2024-01-28 18:58:27"}
{"level":"info","message":"GET /products - Successful","timestamp":"2024-01-28 19:00:26"}
{"level":"info","message":"GET /products - Successful","timestamp":"2024-01-28 19:00:30"}
{"level":"info","message":"GET /products - Successful","timestamp":"2024-01-28 19:00:35"}
{"level":"info","message":"GET /products - Successful","timestamp":"2024-01-28 19:15:54"}
{"level":"info","message":"GET /products - Successful","timestamp":"2024-01-28 19:41:57"}
{"level":"info","message":"GET /products - Successful","timestamp":"2024-01-28 19:42:05"}
{"level":"info","message":"GET /logout - Logout successful","timestamp":"2024-01-28 19:43:40"}
{"level":"info","message":"GET /login - Rendered login page","timestamp":"2024-01-28 19:43:40"}
{"level":"info","message":"POST /login - Successful","timestamp":"2024-01-28 19:43:47"}
{"level":"info","message":"GET /products - Successful","timestamp":"2024-01-28 19:43:49"}
{"level":"info","message":"GET /chat - Successful","timestamp":"2024-01-28 19:58:53"}
{"level":"info","message":"GET /chat - Successful","timestamp":"2024-01-28 19:59:10"}
{"level":"info","message":"GET /chat - Successful","timestamp":"2024-01-28 20:01:34"}
{"level":"info","message":"GET /products - Successful","timestamp":"2024-01-28 20:01:52"}
{"level":"info","message":"GET /products - Successful","timestamp":"2024-01-28 20:01:59"}
{"level":"info","message":"GET /products - Successful","timestamp":"2024-01-28 20:02:52"}
{"level":"info","message":"GET /products - Successful","timestamp":"2024-01-28 20:03:11"}
{"level":"info","message":"GET /products - Successful","timestamp":"2024-01-28 20:06:23"}
{"level":"info","message":"GET /products - Successful","timestamp":"2024-01-28 20:06:46"}
{"level":"info","message":"GET /products - Successful","timestamp":"2024-01-28 20:33:01"}
{"level":"info","message":"GET /products - Successful","timestamp":"2024-01-28 20:37:06"}
{"level":"info","message":"GET /products - Successful","timestamp":"2024-01-28 20:37:15"}
{"level":"info","message":"GET /products - Successful","timestamp":"2024-01-28 20:37:40"}
{"level":"info","message":"GET /logout - Logout successful","timestamp":"2024-01-28 20:37:43"}
{"level":"info","message":"GET /login - Rendered login page","timestamp":"2024-01-28 20:37:44"}
{"level":"info","message":"POST /login - Successful","timestamp":"2024-01-28 20:37:51"}
{"level":"info","message":"GET /products - Successful","timestamp":"2024-01-28 20:37:52"}
{"level":"info","message":"GET /products - Successful","timestamp":"2024-01-28 20:39:45"}
{"level":"info","message":"GET /products - Successful","timestamp":"2024-01-28 20:39:49"}
{"level":"info","message":"GET /products - Successful","timestamp":"2024-01-28 20:39:56"}
{"level":"info","message":"GET /products - Successful","timestamp":"2024-01-28 20:40:25"}
{"level":"info","message":"GET /products - Successful","timestamp":"2024-01-28 20:48:01"}
{"level":"info","message":"GET /products - Successful","timestamp":"2024-01-28 20:48:24"}
{"level":"error","message":"GET /products - Error: newProduct is not defined","timestamp":"2024-01-28 21:03:05"}
{"level":"error","message":"GET /products - Error: newProduct is not defined","timestamp":"2024-01-28 21:03:37"}
{"level":"info","message":"GET /products - Successful","timestamp":"2024-01-28 21:03:49"}
{"level":"error","message":"GET /products - Error: newProduct is not defined","timestamp":"2024-01-28 21:03:57"}
{"level":"error","message":"GET /products - Error: createProduct is not defined","timestamp":"2024-01-28 21:12:09"}
{"level":"info","message":"GET /products - Successful","timestamp":"2024-01-28 21:12:46"}
{"level":"error","message":"GET /products - Error: createProduct is not defined","timestamp":"2024-01-28 21:12:57"}
{"level":"error","message":"GET /products - Error: product is not defined","timestamp":"2024-01-28 21:17:16"}
{"level":"error","message":"undefined","timestamp":"2024-01-28 21:26:16"}
{"level":"error","message":"GET /products - Error: Cannot read properties of undefined (reading 'status')","timestamp":"2024-01-28 21:26:16"}
{"level":"info","message":"GET /products - Successful","timestamp":"2024-01-28 21:28:08"}
{"level":"error","message":"undefined","timestamp":"2024-01-28 21:28:16"}
{"level":"error","message":"GET /products - Error: Cannot read properties of undefined (reading 'status')","timestamp":"2024-01-28 21:28:16"}
{"level":"info","message":"GET /logout - Logout successful","timestamp":"2024-01-28 21:35:48"}
{"level":"info","message":"GET /login - Rendered login page","timestamp":"2024-01-28 21:35:49"}
{"level":"info","message":"POST /login - Successful","timestamp":"2024-01-28 21:35:56"}
{"level":"error","message":"GET /products - Error: createProduct is not defined","timestamp":"2024-01-28 21:35:56"}
{"level":"info","message":"GET /products - Successful","timestamp":"2024-01-28 22:29:52"}
{"level":"info","message":"GET /products - Successful","timestamp":"2024-01-28 22:30:02"}
{"level":"info","message":"GET /products - Successful","timestamp":"2024-01-28 22:30:47"}
{"level":"info","message":"GET /products - Successful","timestamp":"2024-01-28 22:31:31"}
{"level":"info","message":"GET /products - Successful","timestamp":"2024-01-28 22:32:51"}
{"level":"info","message":"GET /products - Successful","timestamp":"2024-01-28 22:34:45"}
{"level":"info","message":"GET /products - Successful","timestamp":"2024-01-28 22:34:54"}
{"level":"info","message":"GET /products - Successful","timestamp":"2024-01-28 22:35:36"}
{"level":"info","message":"GET /login - Rendered login page","timestamp":"2024-01-28 22:37:56"}
{"level":"info","message":"POST /login - Successful","timestamp":"2024-01-28 22:38:08"}
{"level":"info","message":"GET /products - Successful","timestamp":"2024-01-28 22:38:09"}
{"level":"info","message":"GET /products - Successful","timestamp":"2024-01-28 22:39:02"}
{"level":"info","message":"GET /products - Successful","timestamp":"2024-01-28 22:39:18"}
{"level":"error","message":"GET /products - Error: Cannot read properties of undefined (reading 'role')","timestamp":"2024-01-29 17:00:58"}
{"level":"error","message":"GET /products - Error: Cannot read properties of undefined (reading 'role')","timestamp":"2024-01-29 17:01:13"}
{"level":"info","message":"GET /login - Rendered login page","timestamp":"2024-01-29 17:01:18"}
{"level":"info","message":"POST /login - Successful","timestamp":"2024-01-29 17:01:36"}
{"level":"info","message":"GET /products - Successful","timestamp":"2024-01-29 17:01:38"}
{"level":"info","message":"GET /products - Successful","timestamp":"2024-01-29 17:30:04"}
{"level":"info","message":"GET /products - Successful","timestamp":"2024-01-29 17:41:13"}
{"level":"info","message":"GET /products - Successful","timestamp":"2024-01-29 17:41:17"}
{"level":"info","message":"GET /products - Successful","timestamp":"2024-01-29 17:42:08"}
{"level":"info","message":"GET /login - Rendered login page","timestamp":"2024-01-29 17:44:11"}
{"level":"info","message":"POST /login - Successful","timestamp":"2024-01-29 17:44:17"}
{"level":"info","message":"GET /products - Successful","timestamp":"2024-01-29 17:44:17"}
{"level":"info","message":"GET /products - Successful","timestamp":"2024-01-29 17:45:32"}
{"level":"info","message":"GET /products - Successful","timestamp":"2024-01-29 17:47:46"}
{"level":"info","message":"GET /products - Successful","timestamp":"2024-01-29 17:59:05"}
{"level":"info","message":"GET /products - Successful","timestamp":"2024-01-29 18:01:14"}
{"level":"info","message":"GET /products - Successful","timestamp":"2024-01-29 18:01:25"}
{"level":"info","message":"GET /login - Rendered login page","timestamp":"2024-01-29 18:12:58"}
{"level":"info","message":"POST /login - Successful","timestamp":"2024-01-29 18:13:31"}
{"level":"info","message":"GET /products - Successful","timestamp":"2024-01-29 18:13:32"}
{"level":"info","message":"GET /products - Successful","timestamp":"2024-01-29 18:17:17"}
{"level":"info","message":"GET /products - Successful","timestamp":"2024-01-29 18:17:22"}
{"level":"info","message":"GET /products - Successful","timestamp":"2024-01-29 18:18:41"}
{"level":"info","message":"GET /logout - Logout successful","timestamp":"2024-01-29 18:24:09"}
{"level":"info","message":"GET /login - Rendered login page","timestamp":"2024-01-29 18:24:11"}
{"level":"info","message":"POST /login - Successful","timestamp":"2024-01-29 18:26:48"}
{"level":"info","message":"GET /products - Successful","timestamp":"2024-01-29 18:26:50"}
{"level":"info","message":"GET /products - Successful","timestamp":"2024-01-29 18:38:47"}
{"level":"info","message":"GET /products - Successful","timestamp":"2024-01-29 18:40:03"}
{"level":"info","message":"GET /products - Successful","timestamp":"2024-01-29 18:41:49"}
{"level":"info","message":"GET /products - Successful","timestamp":"2024-01-29 18:41:56"}
{"level":"info","message":"GET /products - Successful","timestamp":"2024-01-29 18:42:47"}
{"level":"info","message":"GET /products - Successful","timestamp":"2024-01-29 18:43:23"}
{"level":"info","message":"GET /products - Successful","timestamp":"2024-01-29 18:44:02"}
{"level":"info","message":"GET /products - Successful","timestamp":"2024-01-29 18:44:08"}
{"level":"info","message":"GET /products - Successful","timestamp":"2024-01-29 18:44:48"}
{"level":"info","message":"GET /products - Successful","timestamp":"2024-01-29 18:46:40"}
{"level":"info","message":"GET /products - Successful","timestamp":"2024-01-29 18:46:41"}
{"level":"info","message":"GET /logout - Logout successful","timestamp":"2024-01-29 18:46:44"}
{"level":"info","message":"GET /login - Rendered login page","timestamp":"2024-01-29 18:46:46"}
{"level":"info","message":"POST /login - Successful","timestamp":"2024-01-29 18:46:52"}
{"level":"info","message":"GET /products - Successful","timestamp":"2024-01-29 18:46:54"}
{"level":"info","message":"GET /products - Successful","timestamp":"2024-01-29 18:48:29"}
{"level":"info","message":"GET /logout - Logout successful","timestamp":"2024-01-29 18:48:31"}
{"level":"info","message":"GET /login - Rendered login page","timestamp":"2024-01-29 18:48:32"}
{"level":"info","message":"POST /login - Successful","timestamp":"2024-01-29 18:48:58"}
{"level":"info","message":"GET /products - Successful","timestamp":"2024-01-29 18:48:59"}
{"level":"info","message":"GET /products - Successful","timestamp":"2024-01-29 18:49:13"}
{"level":"info","message":"GET /products - Successful","timestamp":"2024-01-29 19:01:38"}
{"level":"info","message":"GET /products - Successful","timestamp":"2024-01-29 19:01:52"}
{"level":"info","message":"GET /products - Successful","timestamp":"2024-01-29 19:10:02"}
{"level":"info","message":"GET /products - Successful","timestamp":"2024-01-29 19:29:16"}
{"level":"info","message":"GET /products - Successful","timestamp":"2024-01-29 19:29:33"}
{"level":"info","message":"GET /products - Successful","timestamp":"2024-01-29 19:46:34"}
{"level":"info","message":"GET /products - Successful","timestamp":"2024-01-29 19:46:41"}
{"level":"info","message":"GET /products - Successful","timestamp":"2024-01-29 19:46:49"}
{"level":"info","message":"GET /login - Rendered login page","timestamp":"2024-01-29 21:09:27"}
{"level":"info","message":"POST /login - Successful","timestamp":"2024-01-29 21:09:35"}
{"level":"info","message":"GET /products - Successful","timestamp":"2024-01-29 21:09:37"}
{"level":"info","message":"GET /products - Successful","timestamp":"2024-01-29 21:09:48"}
{"level":"info","message":"GET /products - Successful","timestamp":"2024-01-29 21:10:01"}
{"level":"info","message":"GET /products - Successful","timestamp":"2024-01-29 21:17:15"}
{"level":"info","message":"GET /products - Successful","timestamp":"2024-01-29 21:17:34"}
{"level":"info","message":"GET /products - Successful","timestamp":"2024-01-29 21:20:26"}
{"level":"info","message":"GET /products - Successful","timestamp":"2024-01-29 21:46:55"}
{"level":"info","message":"GET /products - Successful","timestamp":"2024-01-29 21:47:12"}
{"level":"info","message":"GET /logout - Logout successful","timestamp":"2024-01-29 21:51:19"}
{"level":"info","message":"GET /login - Rendered login page","timestamp":"2024-01-29 21:51:21"}
{"level":"info","message":"POST /login - Successful","timestamp":"2024-01-29 21:51:29"}
{"level":"info","message":"GET /products - Successful","timestamp":"2024-01-29 21:51:30"}
{"level":"info","message":"GET /products - Successful","timestamp":"2024-01-29 21:56:37"}
{"level":"info","message":"GET /products - Successful","timestamp":"2024-01-29 21:58:04"}
{"level":"info","message":"GET /products - Successful","timestamp":"2024-01-29 21:58:21"}
{"level":"info","message":"GET /products - Successful","timestamp":"2024-01-29 21:58:26"}
{"level":"info","message":"GET /products - Successful","timestamp":"2024-01-29 22:10:05"}
{"level":"info","message":"GET /products - Successful","timestamp":"2024-01-29 22:10:20"}
{"level":"info","message":"GET /products - Successful","timestamp":"2024-01-29 22:10:24"}
{"level":"info","message":"GET /products - Successful","timestamp":"2024-01-29 22:13:44"}
{"level":"info","message":"GET /products - Successful","timestamp":"2024-01-29 22:13:53"}
{"level":"info","message":"GET /products - Successful","timestamp":"2024-01-29 22:15:14"}
{"level":"info","message":"GET /products - Successful","timestamp":"2024-01-29 22:22:57"}
{"level":"info","message":"GET /products - Successful","timestamp":"2024-01-29 22:26:14"}
{"level":"info","message":"GET /products - Successful","timestamp":"2024-01-29 22:29:36"}
{"level":"info","message":"GET /products - Successful","timestamp":"2024-01-29 22:33:04"}
{"level":"info","message":"GET /products - Successful","timestamp":"2024-01-29 22:33:34"}
{"level":"info","message":"GET /products - Successful","timestamp":"2024-01-29 22:34:58"}
{"level":"info","message":"GET /products - Successful","timestamp":"2024-01-29 22:36:48"}
{"level":"info","message":"GET /products - Successful","timestamp":"2024-01-29 22:37:00"}
{"level":"info","message":"GET /products - Successful","timestamp":"2024-01-29 22:37:33"}
{"level":"info","message":"GET /products - Successful","timestamp":"2024-01-29 22:39:55"}
{"level":"info","message":"GET /login - Rendered login page","timestamp":"2024-01-29 23:01:45"}
{"level":"info","message":"POST /login - Successful","timestamp":"2024-01-29 23:01:51"}
{"level":"info","message":"GET /products - Successful","timestamp":"2024-01-29 23:01:52"}
{"level":"info","message":"GET /products - Successful","timestamp":"2024-01-29 23:02:12"}
{"level":"info","message":"GET /products - Successful","timestamp":"2024-01-29 23:16:47"}
{"level":"info","message":"GET /products - Successful","timestamp":"2024-01-29 23:17:15"}
{"level":"info","message":"GET /products - Successful","timestamp":"2024-01-29 23:17:31"}
{"level":"info","message":"GET /products - Successful","timestamp":"2024-01-29 23:28:48"}
{"level":"info","message":"GET / - Successful","timestamp":"2024-01-29 23:28:50"}
{"level":"info","message":"GET /products - Successful","timestamp":"2024-01-29 23:32:59"}
{"level":"info","message":"GET / - Successful","timestamp":"2024-01-29 23:33:00"}
{"level":"info","message":"GET /products - Successful","timestamp":"2024-01-29 23:33:14"}
{"level":"info","message":"GET / - Successful","timestamp":"2024-01-29 23:33:15"}
{"level":"info","message":"GET /products - Successful","timestamp":"2024-01-29 23:34:06"}
{"level":"info","message":"GET / - Successful","timestamp":"2024-01-29 23:34:07"}
{"level":"info","message":"GET /products - Successful","timestamp":"2024-01-29 23:40:31"}
{"level":"info","message":"GET / - Successful","timestamp":"2024-01-29 23:40:32"}
{"level":"info","message":"GET /products - Successful","timestamp":"2024-01-29 23:40:51"}
{"level":"info","message":"GET / - Successful","timestamp":"2024-01-29 23:40:53"}
{"level":"info","message":"GET /products - Successful","timestamp":"2024-01-29 23:41:04"}
